{
  "stats": {
    "suites": 1,
    "tests": 1,
    "passes": 1,
    "pending": 0,
    "failures": 0,
    "start": "2025-11-16T18:25:28.855Z",
    "end": "2025-11-16T18:26:08.245Z",
    "duration": 39390,
    "testsRegistered": 1,
    "passPercent": 100,
    "pendingPercent": 0,
    "other": 0,
    "hasOther": false,
    "skipped": 0,
    "hasSkipped": false
  },
  "results": [
    {
      "uuid": "6bfe266b-5b61-4055-86e1-e49d8ac13dd9",
      "title": "",
      "fullFile": "cypress/e2e/features/checkout.feature",
      "file": "cypress/e2e/features/checkout.feature",
      "beforeHooks": [],
      "afterHooks": [],
      "tests": [],
      "suites": [
        {
          "uuid": "5cb6bdfd-5a7f-4f7b-80e5-967c7a17a716",
          "title": "Checkout",
          "fullFile": "",
          "file": "",
          "beforeHooks": [],
          "afterHooks": [],
          "tests": [
            {
              "title": "Validar fluxo completo de checkout",
              "fullTitle": "Checkout Validar fluxo completo de checkout",
              "timedOut": null,
              "duration": 36857,
              "state": "passed",
              "speed": "slow",
              "pass": true,
              "fail": false,
              "pending": false,
              "context": null,
              "code": "const state = window.testState;\nreturn cy\n  .then(() => state.onStartScenario(scenario, indexedSteps))\n  .then(() =>\n    resolveAndRunBeforeHooks.call(this, scenario.tags, state.feature.name)\n  )\n  .then(() =>\n    indexedSteps.forEach((step) =>\n      stepTest.call(this, state, step, rowData)\n    )\n  )\n  .then(() => state.onFinishScenario(scenario));",
              "err": {},
              "uuid": "087495bd-a24f-45c5-82ed-15074bb09f6f",
              "parentUUID": "5cb6bdfd-5a7f-4f7b-80e5-967c7a17a716",
              "isHook": false,
              "skipped": false
            }
          ],
          "suites": [],
          "passes": [
            "087495bd-a24f-45c5-82ed-15074bb09f6f"
          ],
          "failures": [],
          "pending": [],
          "skipped": [],
          "duration": 36857,
          "root": false,
          "rootEmpty": false,
          "_timeout": 2000
        }
      ],
      "passes": [],
      "failures": [],
      "pending": [],
      "skipped": [],
      "duration": 0,
      "root": true,
      "rootEmpty": true,
      "_timeout": 2000
    }
  ],
  "meta": {
    "mocha": {
      "version": "7.2.0"
    },
    "mochawesome": {
      "options": {
        "quiet": false,
        "reportFilename": "mochawesome",
        "saveHtml": true,
        "saveJson": true,
        "consoleReporter": "spec",
        "useInlineDiffs": false,
        "code": true
      },
      "version": "7.1.4"
    },
    "marge": {
      "options": {
        "reportDir": "cypress/reports",
        "overwrite": false,
        "html": true,
        "json": true
      },
      "version": "6.3.2"
    }
  }
}