{
  "stats": {
    "suites": 1,
    "tests": 1,
    "passes": 1,
    "pending": 0,
    "failures": 0,
    "start": "2025-11-16T18:26:18.889Z",
    "end": "2025-11-16T18:26:45.038Z",
    "duration": 26149,
    "testsRegistered": 1,
    "passPercent": 100,
    "pendingPercent": 0,
    "other": 0,
    "hasOther": false,
    "skipped": 0,
    "hasSkipped": false
  },
  "results": [
    {
      "uuid": "6ac4b3e0-e488-48c8-a42a-2abab3873c6d",
      "title": "",
      "fullFile": "cypress/e2e/features/product.feature",
      "file": "cypress/e2e/features/product.feature",
      "beforeHooks": [],
      "afterHooks": [],
      "tests": [],
      "suites": [
        {
          "uuid": "0156a4f3-41fe-4ea4-b750-107b1b671b10",
          "title": "Seleção do Produto",
          "fullFile": "",
          "file": "",
          "beforeHooks": [],
          "afterHooks": [],
          "tests": [
            {
              "title": "Selecionar um produto e adicionar ao carrinho",
              "fullTitle": "Seleção do Produto Selecionar um produto e adicionar ao carrinho",
              "timedOut": null,
              "duration": 24285,
              "state": "passed",
              "speed": "slow",
              "pass": true,
              "fail": false,
              "pending": false,
              "context": null,
              "code": "const state = window.testState;\nreturn cy\n  .then(() => state.onStartScenario(scenario, indexedSteps))\n  .then(() =>\n    resolveAndRunBeforeHooks.call(this, scenario.tags, state.feature.name)\n  )\n  .then(() =>\n    indexedSteps.forEach((step) =>\n      stepTest.call(this, state, step, rowData)\n    )\n  )\n  .then(() => state.onFinishScenario(scenario));",
              "err": {},
              "uuid": "0938143e-9365-4196-94dc-68299f698266",
              "parentUUID": "0156a4f3-41fe-4ea4-b750-107b1b671b10",
              "isHook": false,
              "skipped": false
            }
          ],
          "suites": [],
          "passes": [
            "0938143e-9365-4196-94dc-68299f698266"
          ],
          "failures": [],
          "pending": [],
          "skipped": [],
          "duration": 24285,
          "root": false,
          "rootEmpty": false,
          "_timeout": 2000
        }
      ],
      "passes": [],
      "failures": [],
      "pending": [],
      "skipped": [],
      "duration": 0,
      "root": true,
      "rootEmpty": true,
      "_timeout": 2000
    }
  ],
  "meta": {
    "mocha": {
      "version": "7.2.0"
    },
    "mochawesome": {
      "options": {
        "quiet": false,
        "reportFilename": "mochawesome",
        "saveHtml": true,
        "saveJson": true,
        "consoleReporter": "spec",
        "useInlineDiffs": false,
        "code": true
      },
      "version": "7.1.4"
    },
    "marge": {
      "options": {
        "reportDir": "cypress/reports",
        "overwrite": false,
        "html": true,
        "json": true
      },
      "version": "6.3.2"
    }
  }
}